Info: Starting: Create block symbol file (.bsf)
Info: qsys-generate C:\project\OFDM\OFDM\new_ifft.qsys --block-symbol-file --output-directory=C:\project\OFDM\OFDM\new_ifft --family="Cyclone IV GX" --part=EP4CGX150DF31C7
Progress: Loading OFDM/new_ifft.qsys
Progress: Reading input file
Progress: Adding fft_ii_0 [altera_fft_ii 15.0]
Progress: Parameterizing module fft_ii_0
Progress: Building connections
Progress: Parameterizing connections
Progress: Validating
Progress: Done reading input file
Info: ip-generate succeeded.
Info: Finished: Create block symbol file (.bsf)
Info: 
Info: Starting: Create HDL design files for synthesis
Info: qsys-generate C:\project\OFDM\OFDM\new_ifft.qsys --synthesis=VERILOG --greybox --output-directory=C:\project\OFDM\OFDM\new_ifft\synthesis --family="Cyclone IV GX" --part=EP4CGX150DF31C7
Progress: Loading OFDM/new_ifft.qsys
Progress: Reading input file
Progress: Adding fft_ii_0 [altera_fft_ii 15.0]
Progress: Parameterizing module fft_ii_0
Progress: Building connections
Progress: Parameterizing connections
Progress: Validating
Progress: Done reading input file
Info: new_ifft: Generating new_ifft "new_ifft" for QUARTUS_SYNTH
Info: fft_ii_0: "new_ifft" instantiated altera_fft_ii "fft_ii_0"
Info: new_ifft: Done "new_ifft" with 2 modules, 47 files
Info: Generating third-party timing and resource estimation model ...
Info: Done generating third-party timing and resource estimation model.
Info: ip-generate succeeded.
Info: Finished: Create HDL design files for synthesis
