Flow report for ofdm_transmitter
Tue Dec 08 20:08:02 2015
Quartus II 64-Bit Version 15.0.0 Build 145 04/22/2015 SJ Web Edition


---------------------
; Table of Contents ;
---------------------
  1. Legal Notice
  2. Flow Summary
  3. Flow Settings
  4. Flow Non-Default Global Settings
  5. Flow Elapsed Time
  6. Flow OS Summary
  7. Flow Log
  8. Flow Messages
  9. Flow Suppressed Messages



----------------
; Legal Notice ;
----------------
Copyright (C) 1991-2015 Altera Corporation. All rights reserved.
Your use of Altera Corporation's design tools, logic functions 
and other software and tools, and its AMPP partner logic 
functions, and any output files from any of the foregoing 
(including device programming or simulation files), and any 
associated documentation or information are expressly subject 
to the terms and conditions of the Altera Program License 
Subscription Agreement, the Altera Quartus II License Agreement,
the Altera MegaCore Function License Agreement, or other 
applicable license agreement, including, without limitation, 
that your use is for the sole purpose of programming logic 
devices manufactured by Altera and sold by Altera or its 
authorized distributors.  Please refer to the applicable 
agreement for further details.



+---------------------------------------------------------------------------------+
; Flow Summary                                                                    ;
+------------------------------------+--------------------------------------------+
; Flow Status                        ; Successful - Tue Dec 08 20:07:57 2015      ;
; Quartus II 64-Bit Version          ; 15.0.0 Build 145 04/22/2015 SJ Web Edition ;
; Revision Name                      ; ofdm_transmitter                           ;
; Top-level Entity Name              ; ofdm_transmitter                           ;
; Family                             ; Cyclone IV GX                              ;
; Device                             ; EP4CGX150DF31C7                            ;
; Timing Models                      ; Final                                      ;
; Total logic elements               ; 1,861 / 149,760 ( 1 % )                    ;
;     Total combinational functions  ; 1,590 / 149,760 ( 1 % )                    ;
;     Dedicated logic registers      ; 1,055 / 149,760 ( < 1 % )                  ;
; Total registers                    ; 1055                                       ;
; Total pins                         ; 33 / 508 ( 6 % )                           ;
; Total virtual pins                 ; 0                                          ;
; Total memory bits                  ; 1,112 / 6,635,520 ( < 1 % )                ;
; Embedded Multiplier 9-bit elements ; 4 / 720 ( < 1 % )                          ;
; Total GXB Receiver Channel PCS     ; 0 / 8 ( 0 % )                              ;
; Total GXB Receiver Channel PMA     ; 0 / 8 ( 0 % )                              ;
; Total GXB Transmitter Channel PCS  ; 0 / 8 ( 0 % )                              ;
; Total GXB Transmitter Channel PMA  ; 0 / 8 ( 0 % )                              ;
; Total PLLs                         ; 0 / 8 ( 0 % )                              ;
+------------------------------------+--------------------------------------------+


+-----------------------------------------+
; Flow Settings                           ;
+-------------------+---------------------+
; Option            ; Setting             ;
+-------------------+---------------------+
; Start date & time ; 12/08/2015 20:06:59 ;
; Main task         ; Compilation         ;
; Revision Name     ; ofdm_transmitter    ;
+-------------------+---------------------+


+-------------------------------------------------------------------------------------------------------------------------------------------------+
; Flow Non-Default Global Settings                                                                                                                ;
+-------------------------------------+-----------------------------------------------------------+---------------+------------------+------------+
; Assignment Name                     ; Value                                                     ; Default Value ; Entity Name      ; Section Id ;
+-------------------------------------+-----------------------------------------------------------+---------------+------------------+------------+
; COMPILER_SIGNATURE_ID               ; 159090361998089.144962321907220                           ; --            ; --               ; --         ;
; MAX_CORE_JUNCTION_TEMP              ; 85                                                        ; --            ; --               ; --         ;
; MESSAGE_DISABLE                     ; 270007                                                    ; --            ; ifft_8p_fft_ii_0 ; --         ;
; MIN_CORE_JUNCTION_TEMP              ; 0                                                         ; --            ; --               ; --         ;
; MISC_FILE                           ; ifft_8p/synthesis/../ifft_8p.cmp                          ; --            ; --               ; --         ;
; MISC_FILE                           ; ifft_8p/synthesis/../../ifft_8p.qsys                      ; --            ; --               ; --         ;
; NOMINAL_CORE_SUPPLY_VOLTAGE         ; 1.2V                                                      ; --            ; --               ; --         ;
; PARTITION_COLOR                     ; 16764057                                                  ; --            ; --               ; Top        ;
; PARTITION_FITTER_PRESERVATION_LEVEL ; PLACEMENT_AND_ROUTING                                     ; --            ; --               ; Top        ;
; PARTITION_NETLIST_TYPE              ; SOURCE                                                    ; --            ; --               ; Top        ;
; POWER_BOARD_THERMAL_MODEL           ; None (CONSERVATIVE)                                       ; --            ; --               ; --         ;
; POWER_PRESET_COOLING_SOLUTION       ; 23 MM HEAT SINK WITH 200 LFPM AIRFLOW                     ; --            ; --               ; --         ;
; PROJECT_OUTPUT_DIRECTORY            ; output_files                                              ; --            ; --               ; --         ;
; SLD_FILE                            ; ifft_8p/synthesis/ifft_8p.debuginfo                       ; --            ; --               ; --         ;
; SLD_INFO                            ; QSYS_NAME ifft_8p HAS_SOPCINFO 1 GENERATION_ID 1449551406 ; --            ; ifft_8p          ; --         ;
; SOPCINFO_FILE                       ; ifft_8p/synthesis/../../ifft_8p.sopcinfo                  ; --            ; --               ; --         ;
; SYNTHESIS_ONLY_QIP                  ; On                                                        ; --            ; --               ; --         ;
+-------------------------------------+-----------------------------------------------------------+---------------+------------------+------------+


+-------------------------------------------------------------------------------------------------------------------------------+
; Flow Elapsed Time                                                                                                             ;
+---------------------------+--------------+-------------------------+---------------------+------------------------------------+
; Module Name               ; Elapsed Time ; Average Processors Used ; Peak Virtual Memory ; Total CPU Time (on all processors) ;
+---------------------------+--------------+-------------------------+---------------------+------------------------------------+
; Analysis & Synthesis      ; 00:00:25     ; 1.0                     ; 818 MB              ; 00:00:51                           ;
; Fitter                    ; 00:00:22     ; 1.0                     ; 1248 MB             ; 00:00:22                           ;
; Assembler                 ; 00:00:06     ; 1.0                     ; 673 MB              ; 00:00:06                           ;
; TimeQuest Timing Analyzer ; 00:00:03     ; 1.0                     ; 860 MB              ; 00:00:03                           ;
; Total                     ; 00:00:56     ; --                      ; --                  ; 00:01:22                           ;
+---------------------------+--------------+-------------------------+---------------------+------------------------------------+


+----------------------------------------------------------------------------------------+
; Flow OS Summary                                                                        ;
+---------------------------+------------------+-----------+------------+----------------+
; Module Name               ; Machine Hostname ; OS Name   ; OS Version ; Processor type ;
+---------------------------+------------------+-----------+------------+----------------+
; Analysis & Synthesis      ; ese7             ; Windows 7 ; 6.1        ; x86_64         ;
; Fitter                    ; ese7             ; Windows 7 ; 6.1        ; x86_64         ;
; Assembler                 ; ese7             ; Windows 7 ; 6.1        ; x86_64         ;
; TimeQuest Timing Analyzer ; ese7             ; Windows 7 ; 6.1        ; x86_64         ;
+---------------------------+------------------+-----------+------------+----------------+


------------
; Flow Log ;
------------
quartus_map --read_settings_files=on --write_settings_files=off ofdm_transmitter -c ofdm_transmitter
quartus_fit --read_settings_files=off --write_settings_files=off ofdm_transmitter -c ofdm_transmitter
quartus_asm --read_settings_files=off --write_settings_files=off ofdm_transmitter -c ofdm_transmitter
quartus_sta ofdm_transmitter -c ofdm_transmitter



